This is pdfTeX, Version 3.141592653-2.6-1.40.22 (TeX Live 2021) (preloaded format=latex 2021.6.2)  2 JUN 2021 19:36
entering extended mode
 restricted \write18 enabled.
 %&-line parsing enabled.
**chapter1.tex
(./chapter1.tex
LaTeX2e <2020-10-01> patch level 4
L3 programming layer <2021-02-18>
! Undefined control sequence.
l.1 \chapter
            {Review and First Order PDEs}
? 
! Interruption.
<to be read again> 
                   {
l.1 \chapter{
             Review and First Order PDEs}
? 

! LaTeX Error: Missing \begin{document}.

See the LaTeX manual or LaTeX Companion for explanation.
Type  H <return>  for immediate help.
 ...                                              
                                                  
l.1 \chapter{R
              eview and First Order PDEs}
? 
! Interruption.
\GenericError  ...                                
                                                  \endgroup 
l.1 \chapter{R
              eview and First Order PDEs}
? 
Missing character: There is no R in font nullfont!
Missing character: There is no e in font nullfont!
Missing character: There is no v in font nullfont!
Missing character: There is no i in font nullfont!
Missing character: There is no e in font nullfont!
Missing character: There is no w in font nullfont!
Missing character: There is no a in font nullfont!
Missing character: There is no n in font nullfont!
Missing character: There is no d in font nullfont!
Missing character: There is no F in font nullfont!
Missing character: There is no i in font nullfont!
Missing character: There is no r in font nullfont!
Missing character: There is no s in font nullfont!
Missing character: There is no t in font nullfont!
Missing character: There is no O in font nullfont!
Missing character: There is no r in font nullfont!
Missing character: There is no d in font nullfont!
Missing character: There is no e in font nullfont!
Missing character: There is no r in font nullfont!
Missing character: There is no P in font nullfont!
Missing character: There is no D in font nullfont!
Missing character: There is no E in font nullfont!
Missing character: There is no s in font nullfont!

Overfull \hbox (20.0pt too wide) in paragraph at lines 1--2
[]
 []

! Undefined control sequence.
l.3 \section
            {Introduction}
? 
! Interruption.
<to be read again> 
                   {
l.3 \section{
             Introduction}
? 

! LaTeX Error: Missing \begin{document}.

See the LaTeX manual or LaTeX Companion for explanation.
Type  H <return>  for immediate help.
 ...                                              
                                                  
l.3 \section{I
              ntroduction}
? 
! Interruption.
\GenericError  ...                                
                                                  \endgroup 
l.3 \section{I
              ntroduction}
? c
Type <return> to proceed, S to scroll future error messages,
R to run without stopping, Q to run quietly,
I to insert something, E to edit your file,
H for help, X to quit.
? X
 
Here is how much of TeX's memory you used:
 16 strings out of 478995
 387 string characters out of 5858211
 283038 words of memory out of 5000000
 17602 multiletter control sequences out of 15000+600000
 403430 words of font info for 27 fonts, out of 8000000 for 9000
 1141 hyphenation exceptions out of 8191
 13i,0n,15p,81b,16s stack positions out of 5000i,500n,10000p,200000b,80000s
No pages of output.
